[HEAD ] http://bsugarmama.com/pan-seared-salmon-citrus-sauce/
[GET  ] http://bsugarmama.com/pan-seared-salmon-citrus-sauce/
[HEAD ] http://www.ambitiouskitchen.com/2013/03/sesame-garlic-roasted-asparagus/
[GET  ] http://www.ambitiouskitchen.com/2013/03/sesame-garlic-roasted-asparagus/
[HEAD ] http://carinabeancreations.blogspot.com/2013/03/gluten-free-pesto-goat-cheese-crostini.html
[GET  ] http://carinabeancreations.blogspot.com/2013/03/gluten-free-pesto-goat-cheese-crostini.html
[HEAD ] http://www.cookingquinoa.net/quinoa-roasted-broccoli
[GET  ] http://www.cookingquinoa.net/quinoa-roasted-broccoli
[HEAD ] http://carpeseason.com/greek-lemon-roasted-potatoes/
[GET  ] http://carpeseason.com/greek-lemon-roasted-potatoes/
[HEAD ] http://www.lloydjennings.com/recipe/garlic-bread-with-mozzarella/
[GET  ] http://www.lloydjennings.com/recipe/garlic-bread-with-mozzarella/
[HEAD ] http://www.howcrazycooks.com/2014/02/06/garlic-herb-cheese-bread/
[GET  ] http://www.howcrazycooks.com/2014/02/06/garlic-herb-cheese-bread/
[HEAD ] http://www.kitchenkonfidence.com/2014/02/parchment-roasted-potatoes
[GET  ] http://www.kitchenkonfidence.com/2014/02/parchment-roasted-potatoes
[HEAD ] http://stovetopstory.com/2014/02/26/heidi-swansons-quinoa-patties/
[GET  ] http://stovetopstory.com/2014/02/26/heidi-swansons-quinoa-patties/
[HEAD ] http://www.theliveinkitchen.com/2013/03/12/mediterranean-macaroni-and-cheese/
[GET  ] http://www.theliveinkitchen.com/2013/03/12/mediterranean-macaroni-and-cheese/
Starting Point is http://allrecipes.com/recipes/fruits-and-vegetables/vegetables/garlic/
BEGIN CRAWLING
--------------------------------------
[HEAD ] http://allrecipes.com/recipes/fruits-and-vegetables/vegetables/garlic/
[GET  ] http://allrecipes.com/recipes/fruits-and-vegetables/vegetables/garlic/
[LINKS] http://allrecipes.com/recipes/fruits-and-vegetables/vegetables/garlic/
[HEAD ] http://allrecipes.com/Recipe/Savory-Garlic-Marinated-Steaks/
[GET  ] http://allrecipes.com/Recipe/Savory-Garlic-Marinated-Steaks/
[LINKS] http://allrecipes.com/Recipe/Savory-Garlic-Marinated-Steaks/
[HEAD ] http://allrecipes.com/Recipe/Italian-Chicken-with-Garlic-and-Lemon/
[GET  ] http://allrecipes.com/Recipe/Italian-Chicken-with-Garlic-and-Lemon/
[LINKS] http://allrecipes.com/Recipe/Italian-Chicken-with-Garlic-and-Lemon/
[HEAD ] http://allrecipes.com/Recipe/The-Best-Garlic-Bread/
[GET  ] http://allrecipes.com/Recipe/The-Best-Garlic-Bread/
[LINKS] http://allrecipes.com/Recipe/The-Best-Garlic-Bread/
[HEAD ] http://allrecipes.com/Recipe/Roasted-Garlic-Bread/
[GET  ] http://allrecipes.com/Recipe/Roasted-Garlic-Bread/
[LINKS] http://allrecipes.com/Recipe/Roasted-Garlic-Bread/
[HEAD ] http://allrecipes.com/Recipe/Carrot-Cake-III/
[GET  ] http://allrecipes.com/Recipe/Carrot-Cake-III/
[LINKS] http://allrecipes.com/Recipe/Carrot-Cake-III/
[HEAD ] http://allrecipes.com/Recipe/Roasted-Asparagus-Prosciutto-and-Egg/
[GET  ] http://allrecipes.com/Recipe/Roasted-Asparagus-Prosciutto-and-Egg/
[LINKS] http://allrecipes.com/Recipe/Roasted-Asparagus-Prosciutto-and-Egg/
[HEAD ] http://allrecipes.com/Recipe/Spinach-and-Orzo-Salad/
[GET  ] http://allrecipes.com/Recipe/Spinach-and-Orzo-Salad/
[LINKS] http://allrecipes.com/Recipe/Spinach-and-Orzo-Salad/
[HEAD ] http://allrecipes.com/Recipe/Sirloin-Steak-with-Garlic-Butter/
[GET  ] http://allrecipes.com/Recipe/Sirloin-Steak-with-Garlic-Butter/
[LINKS] http://allrecipes.com/Recipe/Sirloin-Steak-with-Garlic-Butter/
[HEAD ] http://allrecipes.com/Recipe/Easy-Roasted-Red-Pepper-Hummus/
[GET  ] http://allrecipes.com/Recipe/Easy-Roasted-Red-Pepper-Hummus/
[LINKS] http://allrecipes.com/Recipe/Easy-Roasted-Red-Pepper-Hummus/
[HEAD ] http://allrecipes.com/Recipe/Broccoli-Cornbread-with-Cheese/
[GET  ] http://allrecipes.com/Recipe/Broccoli-Cornbread-with-Cheese/
[LINKS] http://allrecipes.com/Recipe/Broccoli-Cornbread-with-Cheese/
[HEAD ] http://allrecipes.com/Recipe/Monkey-Bread-I/
[GET  ] http://allrecipes.com/Recipe/Monkey-Bread-I/
[LINKS] http://allrecipes.com/Recipe/Monkey-Bread-I/
[HEAD ] http://allrecipes.com/Recipe/Prissys-Garlic-Bread/
[GET  ] http://allrecipes.com/Recipe/Prissys-Garlic-Bread/
[LINKS] http://allrecipes.com/Recipe/Prissys-Garlic-Bread/
[HEAD ] http://allrecipes.com/Recipe/Emergency-Garlic-Bread/
[GET  ] http://allrecipes.com/Recipe/Emergency-Garlic-Bread/
[LINKS] http://allrecipes.com/Recipe/Emergency-Garlic-Bread/
[HEAD ] http://allrecipes.com/Recipe/Garlic-Bread-Mama-Ritas-Way/
[GET  ] http://allrecipes.com/Recipe/Garlic-Bread-Mama-Ritas-Way/
[LINKS] http://allrecipes.com/Recipe/Garlic-Bread-Mama-Ritas-Way/
[HEAD ] http://allrecipes.com/Recipe/Cheese-Onion-Garlic-Bread/
[GET  ] http://allrecipes.com/Recipe/Cheese-Onion-Garlic-Bread/
[LINKS] http://allrecipes.com/Recipe/Cheese-Onion-Garlic-Bread/
[HEAD ] http://allrecipes.com/Recipe/Great-Garlic-Bread/
[GET  ] http://allrecipes.com/Recipe/Great-Garlic-Bread/
[LINKS] http://allrecipes.com/Recipe/Great-Garlic-Bread/
[HEAD ] http://allrecipes.com/Recipe/Rosemary-Blue-Cheese-Garlic-Bread/
[GET  ] http://allrecipes.com/Recipe/Rosemary-Blue-Cheese-Garlic-Bread/
[LINKS] http://allrecipes.com/Recipe/Rosemary-Blue-Cheese-Garlic-Bread/
[HEAD ] http://allrecipes.com/Recipe/Best-Ever-Cheese-Bread/
[GET  ] http://allrecipes.com/Recipe/Best-Ever-Cheese-Bread/
[LINKS] http://allrecipes.com/Recipe/Best-Ever-Cheese-Bread/
[HEAD ] http://allrecipes.com/Recipe/Onion-Garlic-Cheese-Bread/
[GET  ] http://allrecipes.com/Recipe/Onion-Garlic-Cheese-Bread/
[LINKS] http://allrecipes.com/Recipe/Onion-Garlic-Cheese-Bread/
[HEAD ] http://allrecipes.com/Recipe/Blue-Cheese-and-Garlic-Bread/
[GET  ] http://allrecipes.com/Recipe/Blue-Cheese-and-Garlic-Bread/
[LINKS] http://allrecipes.com/Recipe/Blue-Cheese-and-Garlic-Bread/
[HEAD ] http://allrecipes.com/Recipe/Easy-Cheesy-Garlic-Bread/
[GET  ] http://allrecipes.com/Recipe/Easy-Cheesy-Garlic-Bread/
[LINKS] http://allrecipes.com/Recipe/Easy-Cheesy-Garlic-Bread/
[HEAD ] http://allrecipes.com/Recipe/Cheese-Bread/
[GET  ] http://allrecipes.com/Recipe/Cheese-Bread/
[LINKS] http://allrecipes.com/Recipe/Cheese-Bread/
[HEAD ] http://allrecipes.com/Recipe/Creamy-Cheese-Bread/
[GET  ] http://allrecipes.com/Recipe/Creamy-Cheese-Bread/
[LINKS] http://allrecipes.com/Recipe/Creamy-Cheese-Bread/
[HEAD ] http://allrecipes.com/Recipe/Cheddar-Cheese-Bread/
[GET  ] http://allrecipes.com/Recipe/Cheddar-Cheese-Bread/
[LINKS] http://allrecipes.com/Recipe/Cheddar-Cheese-Bread/
[HEAD ] http://allrecipes.com/Recipe/Sarahs-Savoury-Bread-and-Cheese-Pudding/
[GET  ] http://allrecipes.com/Recipe/Sarahs-Savoury-Bread-and-Cheese-Pudding/
[LINKS] http://allrecipes.com/Recipe/Sarahs-Savoury-Bread-and-Cheese-Pudding/
[HEAD ] http://allrecipes.com/Recipe/Ham-and-Cheese-Picnic-Bread/
[GET  ] http://allrecipes.com/Recipe/Ham-and-Cheese-Picnic-Bread/
[LINKS] http://allrecipes.com/Recipe/Ham-and-Cheese-Picnic-Bread/
[HEAD ] http://allrecipes.com/Recipe/Herb-and-Garlic-Cheese-Bread/
[GET  ] http://allrecipes.com/Recipe/Herb-and-Garlic-Cheese-Bread/
[LINKS] http://allrecipes.com/Recipe/Herb-and-Garlic-Cheese-Bread/
[HEAD ] http://allrecipes.com/Recipe/Tomato-Mushroom-and-Bacon-Galette/
[GET  ] http://allrecipes.com/Recipe/Tomato-Mushroom-and-Bacon-Galette/
[LINKS] http://allrecipes.com/Recipe/Tomato-Mushroom-and-Bacon-Galette/
[HEAD ] http://allrecipes.com/Recipe/Tortilla-Chicken-Soup/
[GET  ] http://allrecipes.com/Recipe/Tortilla-Chicken-Soup/
[LINKS] http://allrecipes.com/Recipe/Tortilla-Chicken-Soup/
[HEAD ] http://allrecipes.com/Recipe/Creamy-Corn-and-Zucchini/
[GET  ] http://allrecipes.com/Recipe/Creamy-Corn-and-Zucchini/
[LINKS] http://allrecipes.com/Recipe/Creamy-Corn-and-Zucchini/
[HEAD ] http://allrecipes.com/Recipe/Italian-Lovers-Panini/
[GET  ] http://allrecipes.com/Recipe/Italian-Lovers-Panini/
[LINKS] http://allrecipes.com/Recipe/Italian-Lovers-Panini/
[HEAD ] http://allrecipes.com/Recipe/Sweet-and-Spicy-BBQ-Quesadillas/
[GET  ] http://allrecipes.com/Recipe/Sweet-and-Spicy-BBQ-Quesadillas/
[LINKS] http://allrecipes.com/Recipe/Sweet-and-Spicy-BBQ-Quesadillas/
[HEAD ] http://allrecipes.com/Recipe/Garlic-and-Cheese-Bruschetta/
[GET  ] http://allrecipes.com/Recipe/Garlic-and-Cheese-Bruschetta/
[LINKS] http://allrecipes.com/Recipe/Garlic-and-Cheese-Bruschetta/
[HEAD ] http://allrecipes.com/Recipe/Warm-Blue-Cheese-Dip-with-Garlic-and-Bacon/
[GET  ] http://allrecipes.com/Recipe/Warm-Blue-Cheese-Dip-with-Garlic-and-Bacon/
[LINKS] http://allrecipes.com/Recipe/Warm-Blue-Cheese-Dip-with-Garlic-and-Bacon/
[HEAD ] http://allrecipes.com/Recipe/Parmesan-Garlic-Bread/
[GET  ] http://allrecipes.com/Recipe/Parmesan-Garlic-Bread/
[LINKS] http://allrecipes.com/Recipe/Parmesan-Garlic-Bread/
[HEAD ] http://allrecipes.com/Recipe/Cheese-Garlic-Biscuits-II/
[GET  ] http://allrecipes.com/Recipe/Cheese-Garlic-Biscuits-II/
[LINKS] http://allrecipes.com/Recipe/Cheese-Garlic-Biscuits-II/
[HEAD ] http://allrecipes.com/Recipe/Mango-Bruschetta/
[GET  ] http://allrecipes.com/Recipe/Mango-Bruschetta/
[LINKS] http://allrecipes.com/Recipe/Mango-Bruschetta/
[HEAD ] http://allrecipes.com/Recipe/Blue-Cheese-Garlic-Sweet-Corn/
[GET  ] http://allrecipes.com/Recipe/Blue-Cheese-Garlic-Sweet-Corn/
[LINKS] http://allrecipes.com/Recipe/Blue-Cheese-Garlic-Sweet-Corn/
[HEAD ] http://allrecipes.com/Recipe/Absolutely-the-BEST-Rich-and-Creamy-Blue-Cheese-Dressing-Ever/
[GET  ] http://allrecipes.com/Recipe/Absolutely-the-BEST-Rich-and-Creamy-Blue-Cheese-Dressing-Ever/
[LINKS] http://allrecipes.com/Recipe/Absolutely-the-BEST-Rich-and-Creamy-Blue-Cheese-Dressing-Ever/
[HEAD ] http://allrecipes.com/Recipe/The-Best-Corn-Bread-Youll-Ever-Eat/
[GET  ] http://allrecipes.com/Recipe/The-Best-Corn-Bread-Youll-Ever-Eat/
[LINKS] http://allrecipes.com/Recipe/The-Best-Corn-Bread-Youll-Ever-Eat/
[HEAD ] http://allrecipes.com/Recipe/Best-Ever-Banana-Bread/
[GET  ] http://allrecipes.com/Recipe/Best-Ever-Banana-Bread/
[LINKS] http://allrecipes.com/Recipe/Best-Ever-Banana-Bread/
[HEAD ] http://allrecipes.com/Recipe/Best-Mac-N-Cheese-Ever/
[GET  ] http://allrecipes.com/Recipe/Best-Mac-N-Cheese-Ever/
[LINKS] http://allrecipes.com/Recipe/Best-Mac-N-Cheese-Ever/
[HEAD ] http://allrecipes.com/Recipe/Asiago-Bread-Bowl-Dip-AKA-The-Best-Appetizer-EVER/
[GET  ] http://allrecipes.com/Recipe/Asiago-Bread-Bowl-Dip-AKA-The-Best-Appetizer-EVER/
[LINKS] http://allrecipes.com/Recipe/Asiago-Bread-Bowl-Dip-AKA-The-Best-Appetizer-EVER/
[HEAD ] http://allrecipes.com/Recipe/Garlic-Bread/
[GET  ] http://allrecipes.com/Recipe/Garlic-Bread/
[LINKS] http://allrecipes.com/Recipe/Garlic-Bread/
[HEAD ] http://allrecipes.com/Recipe/Onion-Bread-II/
[GET  ] http://allrecipes.com/Recipe/Onion-Bread-II/
[LINKS] http://allrecipes.com/Recipe/Onion-Bread-II/
[HEAD ] http://allrecipes.com/Recipe/The-Most-Incredible-Garlic-Bread/
[GET  ] http://allrecipes.com/Recipe/The-Most-Incredible-Garlic-Bread/
[LINKS] http://allrecipes.com/Recipe/The-Most-Incredible-Garlic-Bread/
[HEAD ] http://allrecipes.com/Recipe/Toasted-Garlic-Bread/
[GET  ] http://allrecipes.com/Recipe/Toasted-Garlic-Bread/
[LINKS] http://allrecipes.com/Recipe/Toasted-Garlic-Bread/
[HEAD ] http://allrecipes.com/Recipe/Lisas-Best-Ever-Garlic-Bread/
[GET  ] http://allrecipes.com/Recipe/Lisas-Best-Ever-Garlic-Bread/
[LINKS] http://allrecipes.com/Recipe/Lisas-Best-Ever-Garlic-Bread/
[HEAD ] http://allrecipes.com/Recipe/Stefs-Super-Cheesy-Garlic-Bread/
[GET  ] http://allrecipes.com/Recipe/Stefs-Super-Cheesy-Garlic-Bread/
[LINKS] http://allrecipes.com/Recipe/Stefs-Super-Cheesy-Garlic-Bread/
[HEAD ] http://allrecipes.com/Recipe/Garlic-Bread-Fantastique/
[GET  ] http://allrecipes.com/Recipe/Garlic-Bread-Fantastique/
[LINKS] http://allrecipes.com/Recipe/Garlic-Bread-Fantastique/
[HEAD ] http://allrecipes.com/Recipe/Unbelievable-Grilled-Garlic-Bread/
[GET  ] http://allrecipes.com/Recipe/Unbelievable-Grilled-Garlic-Bread/
[LINKS] http://allrecipes.com/Recipe/Unbelievable-Grilled-Garlic-Bread/
[HEAD ] http://allrecipes.com/Recipe/Warm-Herb-Garlic-Bread/
[GET  ] http://allrecipes.com/Recipe/Warm-Herb-Garlic-Bread/
[LINKS] http://allrecipes.com/Recipe/Warm-Herb-Garlic-Bread/
[HEAD ] http://allrecipes.com/Recipe/Garlic-Bread-Spread/
[GET  ] http://allrecipes.com/Recipe/Garlic-Bread-Spread/
[LINKS] http://allrecipes.com/Recipe/Garlic-Bread-Spread/
[HEAD ] http://allrecipes.com/Recipe/Cheesy-Poppy-Seed-Bread/
[GET  ] http://allrecipes.com/Recipe/Cheesy-Poppy-Seed-Bread/
[LINKS] http://allrecipes.com/Recipe/Cheesy-Poppy-Seed-Bread/
[HEAD ] http://allrecipes.com/Recipe/Artichoke-Bread/
[GET  ] http://allrecipes.com/Recipe/Artichoke-Bread/
[LINKS] http://allrecipes.com/Recipe/Artichoke-Bread/
[HEAD ] http://allrecipes.com/Recipe/Garlic-Parmesan-Monkey-Bread/
[GET  ] http://allrecipes.com/Recipe/Garlic-Parmesan-Monkey-Bread/
[LINKS] http://allrecipes.com/Recipe/Garlic-Parmesan-Monkey-Bread/
[HEAD ] http://allrecipes.com/Recipe/Kalamata-Olive-and-Garlic-Bread/
[GET  ] http://allrecipes.com/Recipe/Kalamata-Olive-and-Garlic-Bread/
[LINKS] http://allrecipes.com/Recipe/Kalamata-Olive-and-Garlic-Bread/
[HEAD ] http://allrecipes.com/Recipe/Parmesan-Crusted-Dinner-Rolls/
[GET  ] http://allrecipes.com/Recipe/Parmesan-Crusted-Dinner-Rolls/
[LINKS] http://allrecipes.com/Recipe/Parmesan-Crusted-Dinner-Rolls/
[HEAD ] http://allrecipes.com/Recipe/Delicious-Bread/
[GET  ] http://allrecipes.com/Recipe/Delicious-Bread/
[LINKS] http://allrecipes.com/Recipe/Delicious-Bread/
[HEAD ] http://allrecipes.com/Recipe/Thanksgiving-Leftovers-Monkey-Bread/
[GET  ] http://allrecipes.com/Recipe/Thanksgiving-Leftovers-Monkey-Bread/
[LINKS] http://allrecipes.com/Recipe/Thanksgiving-Leftovers-Monkey-Bread/
[HEAD ] http://allrecipes.com/Recipe/Soft-Garlic-Parmesan-Breadsticks/
[GET  ] http://allrecipes.com/Recipe/Soft-Garlic-Parmesan-Breadsticks/
[LINKS] http://allrecipes.com/Recipe/Soft-Garlic-Parmesan-Breadsticks/
[HEAD ] http://allrecipes.com/Recipe/Garlic-Bubble-Ring/
[GET  ] http://allrecipes.com/Recipe/Garlic-Bubble-Ring/
[LINKS] http://allrecipes.com/Recipe/Garlic-Bubble-Ring/
[HEAD ] http://allrecipes.com/Recipe/Garlic-and-Herb-Bread/
[GET  ] http://allrecipes.com/Recipe/Garlic-and-Herb-Bread/
[LINKS] http://allrecipes.com/Recipe/Garlic-and-Herb-Bread/
[HEAD ] http://allrecipes.com/Recipe/Parmesan-Garlic-Rolls/
[GET  ] http://allrecipes.com/Recipe/Parmesan-Garlic-Rolls/
[LINKS] http://allrecipes.com/Recipe/Parmesan-Garlic-Rolls/
[HEAD ] http://allrecipes.com/Recipe/Garlic-Parmesan-Chicken/
[GET  ] http://allrecipes.com/Recipe/Garlic-Parmesan-Chicken/
[LINKS] http://allrecipes.com/Recipe/Garlic-Parmesan-Chicken/
[HEAD ] http://allrecipes.com/Recipe/Garlic-Parmesan-Olives/
[GET  ] http://allrecipes.com/Recipe/Garlic-Parmesan-Olives/
[LINKS] http://allrecipes.com/Recipe/Garlic-Parmesan-Olives/
[HEAD ] http://allrecipes.com/Recipe/Garlic-Pita-Bread-Bites/
[GET  ] http://allrecipes.com/Recipe/Garlic-Pita-Bread-Bites/
[LINKS] http://allrecipes.com/Recipe/Garlic-Pita-Bread-Bites/
[HEAD ] http://allrecipes.com/Recipe/Baked-Pita-Triangles/
[GET  ] http://allrecipes.com/Recipe/Baked-Pita-Triangles/
[LINKS] http://allrecipes.com/Recipe/Baked-Pita-Triangles/
[HEAD ] http://allrecipes.com/Recipe/Veggie-Delight-on-Garlic-Bread/
[GET  ] http://allrecipes.com/Recipe/Veggie-Delight-on-Garlic-Bread/
[LINKS] http://allrecipes.com/Recipe/Veggie-Delight-on-Garlic-Bread/
[HEAD ] http://allrecipes.com/Recipe/Bread-Machine-Garlic-Bread/
[GET  ] http://allrecipes.com/Recipe/Bread-Machine-Garlic-Bread/
[LINKS] http://allrecipes.com/Recipe/Bread-Machine-Garlic-Bread/
[HEAD ] http://allrecipes.com/Recipe/Grilled-Asparagus-with-Roasted-Garlic-Toast-and-Balsamic-Vinaigrette/
[GET  ] http://allrecipes.com/Recipe/Grilled-Asparagus-with-Roasted-Garlic-Toast-and-Balsamic-Vinaigrette/
[LINKS] http://allrecipes.com/Recipe/Grilled-Asparagus-with-Roasted-Garlic-Toast-and-Balsamic-Vinaigrette/
[HEAD ] http://allrecipes.com/Recipe/Cheese-Garlic-Biscuits-I/
[GET  ] http://allrecipes.com/Recipe/Cheese-Garlic-Biscuits-I/
[LINKS] http://allrecipes.com/Recipe/Cheese-Garlic-Biscuits-I/
[HEAD ] http://allrecipes.com/Recipe/Christmas-Tea-Ring/
[GET  ] http://allrecipes.com/Recipe/Christmas-Tea-Ring/
[LINKS] http://allrecipes.com/Recipe/Christmas-Tea-Ring/
[HEAD ] http://allrecipes.com/Recipe/Rich-White-Bread/
[GET  ] http://allrecipes.com/Recipe/Rich-White-Bread/
[LINKS] http://allrecipes.com/Recipe/Rich-White-Bread/
[HEAD ] http://allrecipes.com/Recipe/Olive-Oil-Bread/
[GET  ] http://allrecipes.com/Recipe/Olive-Oil-Bread/
[LINKS] http://allrecipes.com/Recipe/Olive-Oil-Bread/
[HEAD ] http://allrecipes.com/Recipe/Olive-Bread/
[GET  ] http://allrecipes.com/Recipe/Olive-Bread/
[LINKS] http://allrecipes.com/Recipe/Olive-Bread/
[HEAD ] http://allrecipes.com/Recipe/Yellow-Fever-Bread/
[GET  ] http://allrecipes.com/Recipe/Yellow-Fever-Bread/
[LINKS] http://allrecipes.com/Recipe/Yellow-Fever-Bread/
[HEAD ] http://allrecipes.com/Recipe/Zolas-Adventure-Garlic-Bread/
[GET  ] http://allrecipes.com/Recipe/Zolas-Adventure-Garlic-Bread/
[LINKS] http://allrecipes.com/Recipe/Zolas-Adventure-Garlic-Bread/
[HEAD ] http://allrecipes.com/Recipe/Parmesan-Garlic-Orzo/
[GET  ] http://allrecipes.com/Recipe/Parmesan-Garlic-Orzo/
[LINKS] http://allrecipes.com/Recipe/Parmesan-Garlic-Orzo/
[HEAD ] http://allrecipes.com/Recipe/Garlic-and-Parmesan-Dinner-Rolls/
[GET  ] http://allrecipes.com/Recipe/Garlic-and-Parmesan-Dinner-Rolls/
[LINKS] http://allrecipes.com/Recipe/Garlic-and-Parmesan-Dinner-Rolls/
[HEAD ] http://allrecipes.com/Recipe/Baked-Garlic-Parmesan-Chicken/
[GET  ] http://allrecipes.com/Recipe/Baked-Garlic-Parmesan-Chicken/
[LINKS] http://allrecipes.com/Recipe/Baked-Garlic-Parmesan-Chicken/
[HEAD ] http://allrecipes.com/Recipe/White-Pizza-with-Roasted-Garlic-and-Green-Olives/
[GET  ] http://allrecipes.com/Recipe/White-Pizza-with-Roasted-Garlic-and-Green-Olives/
[LINKS] http://allrecipes.com/Recipe/White-Pizza-with-Roasted-Garlic-and-Green-Olives/
[HEAD ] http://allrecipes.com/Recipe/Red-White-and-Green-Pizza/
[GET  ] http://allrecipes.com/Recipe/Red-White-and-Green-Pizza/
[LINKS] http://allrecipes.com/Recipe/Red-White-and-Green-Pizza/
[HEAD ] http://allrecipes.com/Recipe/Easy-Tomato-Basil-Pizza/
[GET  ] http://allrecipes.com/Recipe/Easy-Tomato-Basil-Pizza/
[LINKS] http://allrecipes.com/Recipe/Easy-Tomato-Basil-Pizza/
[HEAD ] http://allrecipes.com/Recipe/White-Pizza-a-la-Chick-Lit/
[GET  ] http://allrecipes.com/Recipe/White-Pizza-a-la-Chick-Lit/
[LINKS] http://allrecipes.com/Recipe/White-Pizza-a-la-Chick-Lit/
[HEAD ] http://allrecipes.com/Recipe/Garlic-and-Artichoke-Pizza/
[GET  ] http://allrecipes.com/Recipe/Garlic-and-Artichoke-Pizza/
[LINKS] http://allrecipes.com/Recipe/Garlic-and-Artichoke-Pizza/
[HEAD ] http://allrecipes.com/Recipe/Greek-Pizza-with-Spinach-Feta-and-Olives/
[GET  ] http://allrecipes.com/Recipe/Greek-Pizza-with-Spinach-Feta-and-Olives/
[LINKS] http://allrecipes.com/Recipe/Greek-Pizza-with-Spinach-Feta-and-Olives/
[HEAD ] http://allrecipes.com/Recipe/Shrimp-Pizza/
[GET  ] http://allrecipes.com/Recipe/Shrimp-Pizza/
[LINKS] http://allrecipes.com/Recipe/Shrimp-Pizza/
[HEAD ] http://allrecipes.com/Recipe/White-and-Gold-Pizza/
[GET  ] http://allrecipes.com/Recipe/White-and-Gold-Pizza/
[LINKS] http://allrecipes.com/Recipe/White-and-Gold-Pizza/
[HEAD ] http://allrecipes.com/Recipe/Goat-Cheese-Arugula-Pizza---No-Red-Sauce/
[GET  ] http://allrecipes.com/Recipe/Goat-Cheese-Arugula-Pizza---No-Red-Sauce/
[LINKS] http://allrecipes.com/Recipe/Goat-Cheese-Arugula-Pizza---No-Red-Sauce/
[HEAD ] http://allrecipes.com/Recipe/Pizza-Without-the-Red-Sauce/
[GET  ] http://allrecipes.com/Recipe/Pizza-Without-the-Red-Sauce/
[LINKS] http://allrecipes.com/Recipe/Pizza-Without-the-Red-Sauce/
[HEAD ] http://allrecipes.com/Recipe/Garlic-Lovers-Pizza-Crust-for-the-Bread-Machine/
[GET  ] http://allrecipes.com/Recipe/Garlic-Lovers-Pizza-Crust-for-the-Bread-Machine/
[LINKS] http://allrecipes.com/Recipe/Garlic-Lovers-Pizza-Crust-for-the-Bread-Machine/
[HEAD ] http://allrecipes.com/Recipe/Pizza-Crust-for-the-Bread-Machine-II/
[GET  ] http://allrecipes.com/Recipe/Pizza-Crust-for-the-Bread-Machine-II/
[LINKS] http://allrecipes.com/Recipe/Pizza-Crust-for-the-Bread-Machine-II/
[HEAD ] http://allrecipes.com/Recipe/Worlds-Easiest-Bread-Machine-Pizza-Dough/
[GET  ] http://allrecipes.com/Recipe/Worlds-Easiest-Bread-Machine-Pizza-Dough/
[LINKS] http://allrecipes.com/Recipe/Worlds-Easiest-Bread-Machine-Pizza-Dough/
[HEAD ] http://allrecipes.com/Recipe/Creamy-Rosemary-Garlic-and-Potato-Pizza/
[GET  ] http://allrecipes.com/Recipe/Creamy-Rosemary-Garlic-and-Potato-Pizza/
[LINKS] http://allrecipes.com/Recipe/Creamy-Rosemary-Garlic-and-Potato-Pizza/
[HEAD ] http://allrecipes.com/Recipe/Potato-Pizza-2/
[GET  ] http://allrecipes.com/Recipe/Potato-Pizza-2/
[LINKS] http://allrecipes.com/Recipe/Potato-Pizza-2/
[HEAD ] http://allrecipes.com/Recipe/Garlic-Chicken-Pizza/
[GET  ] http://allrecipes.com/Recipe/Garlic-Chicken-Pizza/
[LINKS] http://allrecipes.com/Recipe/Garlic-Chicken-Pizza/
[HEAD ] http://allrecipes.com/Recipe/Garlic-Butter-Crusted-Margherita-Pizza/
[GET  ] http://allrecipes.com/Recipe/Garlic-Butter-Crusted-Margherita-Pizza/
[LINKS] http://allrecipes.com/Recipe/Garlic-Butter-Crusted-Margherita-Pizza/
[HEAD ] http://allrecipes.com/Recipe/Spinach-and-Artichoke-Tortilla-Pizza/
[GET  ] http://allrecipes.com/Recipe/Spinach-and-Artichoke-Tortilla-Pizza/
[LINKS] http://allrecipes.com/Recipe/Spinach-and-Artichoke-Tortilla-Pizza/
[HEAD ] http://allrecipes.com/Recipe/Neapolitan-Style-Pizza-Dough-with-Garlic-and-Italian-Seasonings/
[GET  ] http://allrecipes.com/Recipe/Neapolitan-Style-Pizza-Dough-with-Garlic-and-Italian-Seasonings/
[LINKS] http://allrecipes.com/Recipe/Neapolitan-Style-Pizza-Dough-with-Garlic-and-Italian-Seasonings/
[HEAD ] http://allrecipes.com/Recipe/Bread-Machine-Thin-Crust-Pizza-Dough/
[GET  ] http://allrecipes.com/Recipe/Bread-Machine-Thin-Crust-Pizza-Dough/
[LINKS] http://allrecipes.com/Recipe/Bread-Machine-Thin-Crust-Pizza-Dough/
[HEAD ] http://allrecipes.com/Recipe/New-York-Italian-Pizza-Dough/
[GET  ] http://allrecipes.com/Recipe/New-York-Italian-Pizza-Dough/
[LINKS] http://allrecipes.com/Recipe/New-York-Italian-Pizza-Dough/
[HEAD ] http://allrecipes.com/Recipe/Tracy-Anns-Favorite-Pizza-Sauce/
[GET  ] http://allrecipes.com/Recipe/Tracy-Anns-Favorite-Pizza-Sauce/
[LINKS] http://allrecipes.com/Recipe/Tracy-Anns-Favorite-Pizza-Sauce/
[HEAD ] http://allrecipes.com/Recipe/Crunchy-Bread-Stix---Fowlerville-Pizzeria-Style/
[GET  ] http://allrecipes.com/Recipe/Crunchy-Bread-Stix---Fowlerville-Pizzeria-Style/
[LINKS] http://allrecipes.com/Recipe/Crunchy-Bread-Stix---Fowlerville-Pizzeria-Style/
[HEAD ] http://allrecipes.com/Recipe/Garlic-Crab-Artichoke-Dip/
[GET  ] http://allrecipes.com/Recipe/Garlic-Crab-Artichoke-Dip/
[LINKS] http://allrecipes.com/Recipe/Garlic-Crab-Artichoke-Dip/
[HEAD ] http://allrecipes.com/Recipe/Black-and-White-Pizza/
[GET  ] http://allrecipes.com/Recipe/Black-and-White-Pizza/
[LINKS] http://allrecipes.com/Recipe/Black-and-White-Pizza/
[HEAD ] http://allrecipes.com/Recipe/Sun-Dried-Tomato-and-Arugula-Pizza/
[GET  ] http://allrecipes.com/Recipe/Sun-Dried-Tomato-and-Arugula-Pizza/
[LINKS] http://allrecipes.com/Recipe/Sun-Dried-Tomato-and-Arugula-Pizza/
[HEAD ] http://allrecipes.com/Recipe/Allies-Mushroom-Pizza/
[GET  ] http://allrecipes.com/Recipe/Allies-Mushroom-Pizza/
[LINKS] http://allrecipes.com/Recipe/Allies-Mushroom-Pizza/
[HEAD ] http://allrecipes.com/Recipe/Creamy-Herb-and-Garlic-Mac-n-Cheese/
[GET  ] http://allrecipes.com/Recipe/Creamy-Herb-and-Garlic-Mac-n-Cheese/
[LINKS] http://allrecipes.com/Recipe/Creamy-Herb-and-Garlic-Mac-n-Cheese/
[HEAD ] http://allrecipes.com/Recipe/Creamy-Corn-Chowder-2/
[GET  ] http://allrecipes.com/Recipe/Creamy-Corn-Chowder-2/
[LINKS] http://allrecipes.com/Recipe/Creamy-Corn-Chowder-2/
[HEAD ] http://allrecipes.com/Recipe/Scalloped-Herb-and-Garlic-Sweet-Potatoes/
[GET  ] http://allrecipes.com/Recipe/Scalloped-Herb-and-Garlic-Sweet-Potatoes/
[LINKS] http://allrecipes.com/Recipe/Scalloped-Herb-and-Garlic-Sweet-Potatoes/
[HEAD ] http://allrecipes.com/Recipe/Beef-Parmesan-with-Garlic-Angel-Hair-Pasta/
[GET  ] http://allrecipes.com/Recipe/Beef-Parmesan-with-Garlic-Angel-Hair-Pasta/
[LINKS] http://allrecipes.com/Recipe/Beef-Parmesan-with-Garlic-Angel-Hair-Pasta/
[HEAD ] http://allrecipes.com/Recipe/Sister-Schuberts-Herb-Garlic-and-Cheese-Rolls/
[GET  ] http://allrecipes.com/Recipe/Sister-Schuberts-Herb-Garlic-and-Cheese-Rolls/
[LINKS] http://allrecipes.com/Recipe/Sister-Schuberts-Herb-Garlic-and-Cheese-Rolls/
[HEAD ] http://allrecipes.com/Recipe/Grape-Chicken-Salad/
[GET  ] http://allrecipes.com/Recipe/Grape-Chicken-Salad/
[LINKS] http://allrecipes.com/Recipe/Grape-Chicken-Salad/
[HEAD ] http://allrecipes.com/Recipe/Tasty-Turkey-Tetrazzini/
[GET  ] http://allrecipes.com/Recipe/Tasty-Turkey-Tetrazzini/
[LINKS] http://allrecipes.com/Recipe/Tasty-Turkey-Tetrazzini/
[HEAD ] http://allrecipes.com/Recipe/Sister-Schuberts-Breakfast-Sandwiches/
[GET  ] http://allrecipes.com/Recipe/Sister-Schuberts-Breakfast-Sandwiches/
[LINKS] http://allrecipes.com/Recipe/Sister-Schuberts-Breakfast-Sandwiches/
[HEAD ] http://allrecipes.com/Recipe/Crispy-Pretzel-Apple-Dessert/
[GET  ] http://allrecipes.com/Recipe/Crispy-Pretzel-Apple-Dessert/
[LINKS] http://allrecipes.com/Recipe/Crispy-Pretzel-Apple-Dessert/
[HEAD ] http://allrecipes.com/Recipe/Apple-Cheese-Quick-Bread/
[GET  ] http://allrecipes.com/Recipe/Apple-Cheese-Quick-Bread/
[LINKS] http://allrecipes.com/Recipe/Apple-Cheese-Quick-Bread/
[HEAD ] http://allrecipes.com/Recipe/Romano-Cheese-Crisp/
[GET  ] http://allrecipes.com/Recipe/Romano-Cheese-Crisp/
[LINKS] http://allrecipes.com/Recipe/Romano-Cheese-Crisp/
[HEAD ] http://allrecipes.com/Recipe/Garlic-Bread-Popcorn/
[GET  ] http://allrecipes.com/Recipe/Garlic-Bread-Popcorn/
[LINKS] http://allrecipes.com/Recipe/Garlic-Bread-Popcorn/
[HEAD ] http://allrecipes.com/Recipe/Mrs-Prophets-Roasted-Garlic-French-Bread/
[GET  ] http://allrecipes.com/Recipe/Mrs-Prophets-Roasted-Garlic-French-Bread/
[LINKS] http://allrecipes.com/Recipe/Mrs-Prophets-Roasted-Garlic-French-Bread/
[HEAD ] http://allrecipes.com/Recipe/Carltons-Scalloped-Potatoes/
[GET  ] http://allrecipes.com/Recipe/Carltons-Scalloped-Potatoes/
[LINKS] http://allrecipes.com/Recipe/Carltons-Scalloped-Potatoes/
[HEAD ] http://allrecipes.com/Recipe/Idahoan-Picnic-Dog/
[GET  ] http://allrecipes.com/Recipe/Idahoan-Picnic-Dog/
[LINKS] http://allrecipes.com/Recipe/Idahoan-Picnic-Dog/
[HEAD ] http://allrecipes.com/Recipe/Smoky-Golden-Mashed/
[GET  ] http://allrecipes.com/Recipe/Smoky-Golden-Mashed/
[LINKS] http://allrecipes.com/Recipe/Smoky-Golden-Mashed/
[HEAD ] http://allrecipes.com/Recipe/Jennas-Harvest-Soup/
[GET  ] http://allrecipes.com/Recipe/Jennas-Harvest-Soup/
[LINKS] http://allrecipes.com/Recipe/Jennas-Harvest-Soup/
[HEAD ] http://allrecipes.com/Recipe/Funky-Popcorn/
[GET  ] http://allrecipes.com/Recipe/Funky-Popcorn/
[LINKS] http://allrecipes.com/Recipe/Funky-Popcorn/
[HEAD ] http://allrecipes.com/Recipe/Papa-Felicos-Garlic-Sausage-Bread/
[GET  ] http://allrecipes.com/Recipe/Papa-Felicos-Garlic-Sausage-Bread/
[LINKS] http://allrecipes.com/Recipe/Papa-Felicos-Garlic-Sausage-Bread/
[HEAD ] http://allrecipes.com/Recipe/Garlic-Cheese-Biscuits/
[GET  ] http://allrecipes.com/Recipe/Garlic-Cheese-Biscuits/
[LINKS] http://allrecipes.com/Recipe/Garlic-Cheese-Biscuits/
[HEAD ] http://allrecipes.com/Recipe/Chicken-Cheese-and-Biscuits/
[GET  ] http://allrecipes.com/Recipe/Chicken-Cheese-and-Biscuits/
[LINKS] http://allrecipes.com/Recipe/Chicken-Cheese-and-Biscuits/
[HEAD ] http://allrecipes.com/Recipe/Ham-and-Cheese-Dip-in-a-Bread-Bowl/
[GET  ] http://allrecipes.com/Recipe/Ham-and-Cheese-Dip-in-a-Bread-Bowl/
[LINKS] http://allrecipes.com/Recipe/Ham-and-Cheese-Dip-in-a-Bread-Bowl/
[HEAD ] http://allrecipes.com/Recipe/Cheese-Dip-with-Beer/
[GET  ] http://allrecipes.com/Recipe/Cheese-Dip-with-Beer/
[LINKS] http://allrecipes.com/Recipe/Cheese-Dip-with-Beer/
[HEAD ] http://allrecipes.com/Recipe/Baked-Ham-and-Cheese-Appetizer/
[GET  ] http://allrecipes.com/Recipe/Baked-Ham-and-Cheese-Appetizer/
[LINKS] http://allrecipes.com/Recipe/Baked-Ham-and-Cheese-Appetizer/
[HEAD ] http://allrecipes.com/Recipe/Salsa-Cheese-Boule-Dip/
[GET  ] http://allrecipes.com/Recipe/Salsa-Cheese-Boule-Dip/
[LINKS] http://allrecipes.com/Recipe/Salsa-Cheese-Boule-Dip/
[HEAD ] http://allrecipes.com/Recipe/Garlic-Cheese-Ball/
[GET  ] http://allrecipes.com/Recipe/Garlic-Cheese-Ball/
[LINKS] http://allrecipes.com/Recipe/Garlic-Cheese-Ball/
[HEAD ] http://allrecipes.com/Recipe/Dill-Feta-and-Garlic-Cream-Cheese-Spread/
[GET  ] http://allrecipes.com/Recipe/Dill-Feta-and-Garlic-Cream-Cheese-Spread/
[LINKS] http://allrecipes.com/Recipe/Dill-Feta-and-Garlic-Cream-Cheese-Spread/
[HEAD ] http://allrecipes.com/Recipe/Dried-Beef-Cheese-Ball-2/
[GET  ] http://allrecipes.com/Recipe/Dried-Beef-Cheese-Ball-2/
[LINKS] http://allrecipes.com/Recipe/Dried-Beef-Cheese-Ball-2/
[HEAD ] http://allrecipes.com/Recipe/Cheese-Ball-I-2/
[GET  ] http://allrecipes.com/Recipe/Cheese-Ball-I-2/
[LINKS] http://allrecipes.com/Recipe/Cheese-Ball-I-2/
[HEAD ] http://allrecipes.com/Recipe/Garlic-and-Brown-Sugar-Cheese-Ball/
[GET  ] http://allrecipes.com/Recipe/Garlic-and-Brown-Sugar-Cheese-Ball/
[LINKS] http://allrecipes.com/Recipe/Garlic-and-Brown-Sugar-Cheese-Ball/
[HEAD ] http://allrecipes.com/Recipe/Aunt-Phyllis-Magnificent-Cheese-Ball/
[GET  ] http://allrecipes.com/Recipe/Aunt-Phyllis-Magnificent-Cheese-Ball/
[LINKS] http://allrecipes.com/Recipe/Aunt-Phyllis-Magnificent-Cheese-Ball/
[HEAD ] http://allrecipes.com/Recipe/Tammys-Tempting-Cheese-Ball/
[GET  ] http://allrecipes.com/Recipe/Tammys-Tempting-Cheese-Ball/
[LINKS] http://allrecipes.com/Recipe/Tammys-Tempting-Cheese-Ball/
[HEAD ] http://allrecipes.com/Recipe/Olive-and-Blue-Cheese-Ball/
[GET  ] http://allrecipes.com/Recipe/Olive-and-Blue-Cheese-Ball/
[LINKS] http://allrecipes.com/Recipe/Olive-and-Blue-Cheese-Ball/
[HEAD ] http://allrecipes.com/Recipe/4-Square-Family-Pizza/
[GET  ] http://allrecipes.com/Recipe/4-Square-Family-Pizza/
[LINKS] http://allrecipes.com/Recipe/4-Square-Family-Pizza/
[HEAD ] http://allrecipes.com/Recipe/Taco-Pizza-from-Pillsbury-Pizza-Crust/
[GET  ] http://allrecipes.com/Recipe/Taco-Pizza-from-Pillsbury-Pizza-Crust/
[LINKS] http://allrecipes.com/Recipe/Taco-Pizza-from-Pillsbury-Pizza-Crust/
[HEAD ] http://allrecipes.com/Recipe/Favorite-Banana-Bread/
[GET  ] http://allrecipes.com/Recipe/Favorite-Banana-Bread/
[LINKS] http://allrecipes.com/Recipe/Favorite-Banana-Bread/
[HEAD ] http://allrecipes.com/Recipe/Baked-Penne/
[GET  ] http://allrecipes.com/Recipe/Baked-Penne/
[LINKS] http://allrecipes.com/Recipe/Baked-Penne/
[HEAD ] http://allrecipes.com/Recipe/Spring-Veggie-Pizza-Appetizer/
[GET  ] http://allrecipes.com/Recipe/Spring-Veggie-Pizza-Appetizer/
[LINKS] http://allrecipes.com/Recipe/Spring-Veggie-Pizza-Appetizer/
[HEAD ] http://allrecipes.com/Recipe/Grilled-Salmon-with-Creamy-Pesto-Sauce/
[GET  ] http://allrecipes.com/Recipe/Grilled-Salmon-with-Creamy-Pesto-Sauce/
[LINKS] http://allrecipes.com/Recipe/Grilled-Salmon-with-Creamy-Pesto-Sauce/
[HEAD ] http://allrecipes.com/Recipe/Spicy-Jalapeno-and-Bacon-Flatbread/
[GET  ] http://allrecipes.com/Recipe/Spicy-Jalapeno-and-Bacon-Flatbread/
[LINKS] http://allrecipes.com/Recipe/Spicy-Jalapeno-and-Bacon-Flatbread/
[HEAD ] http://allrecipes.com/Recipe/Sassy-Tailgate-Sandwiches/
[GET  ] http://allrecipes.com/Recipe/Sassy-Tailgate-Sandwiches/
[LINKS] http://allrecipes.com/Recipe/Sassy-Tailgate-Sandwiches/
[HEAD ] http://allrecipes.com/Recipe/Melodys-Corn-Maque-Choux/
[GET  ] http://allrecipes.com/Recipe/Melodys-Corn-Maque-Choux/
[LINKS] http://allrecipes.com/Recipe/Melodys-Corn-Maque-Choux/
[HEAD ] http://allrecipes.com/Recipe/Broccoli-with-Garlic-Butter-and-Cashews/
[GET  ] http://allrecipes.com/Recipe/Broccoli-with-Garlic-Butter-and-Cashews/
[LINKS] http://allrecipes.com/Recipe/Broccoli-with-Garlic-Butter-and-Cashews/
[HEAD ] http://allrecipes.com/Recipe/Southern-Pimento-Cheese/
[GET  ] http://allrecipes.com/Recipe/Southern-Pimento-Cheese/
[LINKS] http://allrecipes.com/Recipe/Southern-Pimento-Cheese/
[HEAD ] http://allrecipes.com/Recipe/Delicata-Squash-Burger-Patties/
[GET  ] http://allrecipes.com/Recipe/Delicata-Squash-Burger-Patties/
[LINKS] http://allrecipes.com/Recipe/Delicata-Squash-Burger-Patties/
[HEAD ] http://allrecipes.com/Recipe/Matzah/
[GET  ] http://allrecipes.com/Recipe/Matzah/
[LINKS] http://allrecipes.com/Recipe/Matzah/
[HEAD ] http://allrecipes.com/Recipe/Jewish-Chicken-Soup/
[GET  ] http://allrecipes.com/Recipe/Jewish-Chicken-Soup/
[LINKS] http://allrecipes.com/Recipe/Jewish-Chicken-Soup/
[HEAD ] http://allrecipes.com/Recipe/Grilled-Garlic-Parmesan-Crusted-Scallops/
[GET  ] http://allrecipes.com/Recipe/Grilled-Garlic-Parmesan-Crusted-Scallops/
[LINKS] http://allrecipes.com/Recipe/Grilled-Garlic-Parmesan-Crusted-Scallops/
[HEAD ] http://allrecipes.com/Recipe/Grilled-Garlic-Parmesan-Zucchini/
[GET  ] http://allrecipes.com/Recipe/Grilled-Garlic-Parmesan-Zucchini/
[LINKS] http://allrecipes.com/Recipe/Grilled-Garlic-Parmesan-Zucchini/
[HEAD ] http://allrecipes.com/Recipe/Broiled-Scallops/
[GET  ] http://allrecipes.com/Recipe/Broiled-Scallops/
[LINKS] http://allrecipes.com/Recipe/Broiled-Scallops/
[HEAD ] http://allrecipes.com/Recipe/Garlic-Grilled-Shrimp/
[GET  ] http://allrecipes.com/Recipe/Garlic-Grilled-Shrimp/
[LINKS] http://allrecipes.com/Recipe/Garlic-Grilled-Shrimp/
[HEAD ] http://allrecipes.com/Recipe/Parmesan-Scallops/
[GET  ] http://allrecipes.com/Recipe/Parmesan-Scallops/
[LINKS] http://allrecipes.com/Recipe/Parmesan-Scallops/
[HEAD ] http://allrecipes.com/Recipe/Grilled-Scallops/
[GET  ] http://allrecipes.com/Recipe/Grilled-Scallops/
[LINKS] http://allrecipes.com/Recipe/Grilled-Scallops/
[HEAD ] http://allrecipes.com/Recipe/Pecan-Baked-Scallops/
[GET  ] http://allrecipes.com/Recipe/Pecan-Baked-Scallops/
[LINKS] http://allrecipes.com/Recipe/Pecan-Baked-Scallops/
[HEAD ] http://allrecipes.com/Recipe/Broiled-Scallops-with-Chanterelles/
[GET  ] http://allrecipes.com/Recipe/Broiled-Scallops-with-Chanterelles/
[LINKS] http://allrecipes.com/Recipe/Broiled-Scallops-with-Chanterelles/
[HEAD ] http://allrecipes.com/Recipe/Savory-Sea-Scallops-and-Angel-Hair-Pasta/
[GET  ] http://allrecipes.com/Recipe/Savory-Sea-Scallops-and-Angel-Hair-Pasta/
[LINKS] http://allrecipes.com/Recipe/Savory-Sea-Scallops-and-Angel-Hair-Pasta/
[HEAD ] http://allrecipes.com/Recipe/Firecracker-Scallops/
[GET  ] http://allrecipes.com/Recipe/Firecracker-Scallops/
[LINKS] http://allrecipes.com/Recipe/Firecracker-Scallops/
[HEAD ] http://allrecipes.com/Recipe/Easy-Garlic-Lemon-Scallops/
[GET  ] http://allrecipes.com/Recipe/Easy-Garlic-Lemon-Scallops/
[LINKS] http://allrecipes.com/Recipe/Easy-Garlic-Lemon-Scallops/
[HEAD ] http://allrecipes.com/Recipe/Garlic-Chicken-with-Orzo-Noodles/
[GET  ] http://allrecipes.com/Recipe/Garlic-Chicken-with-Orzo-Noodles/
[LINKS] http://allrecipes.com/Recipe/Garlic-Chicken-with-Orzo-Noodles/
[HEAD ] http://allrecipes.com/Recipe/Orzo-with-Parmesan-and-Basil/
[GET  ] http://allrecipes.com/Recipe/Orzo-with-Parmesan-and-Basil/
[LINKS] http://allrecipes.com/Recipe/Orzo-with-Parmesan-and-Basil/
[HEAD ] http://allrecipes.com/Recipe/Garlic-Parmesan-Orange-Roughy/
[GET  ] http://allrecipes.com/Recipe/Garlic-Parmesan-Orange-Roughy/
[LINKS] http://allrecipes.com/Recipe/Garlic-Parmesan-Orange-Roughy/
[HEAD ] http://allrecipes.com/Recipe/BEST-Garlic-Parmesan-Croutons/
[GET  ] http://allrecipes.com/Recipe/BEST-Garlic-Parmesan-Croutons/
[LINKS] http://allrecipes.com/Recipe/BEST-Garlic-Parmesan-Croutons/
[HEAD ] http://allrecipes.com/Recipe/Sourdough-Croutons/
[GET  ] http://allrecipes.com/Recipe/Sourdough-Croutons/
[LINKS] http://allrecipes.com/Recipe/Sourdough-Croutons/
[HEAD ] http://allrecipes.com/Recipe/Old-Hamburger-Bun-Croutons/
[GET  ] http://allrecipes.com/Recipe/Old-Hamburger-Bun-Croutons/
[LINKS] http://allrecipes.com/Recipe/Old-Hamburger-Bun-Croutons/
[HEAD ] http://allrecipes.com/Recipe/Sourdough-Cheese-Bread/
[GET  ] http://allrecipes.com/Recipe/Sourdough-Cheese-Bread/
[LINKS] http://allrecipes.com/Recipe/Sourdough-Cheese-Bread/
[HEAD ] http://allrecipes.com/Recipe/Basic-Irish-Soda-Bread-With-Cheese/
[GET  ] http://allrecipes.com/Recipe/Basic-Irish-Soda-Bread-With-Cheese/
[LINKS] http://allrecipes.com/Recipe/Basic-Irish-Soda-Bread-With-Cheese/
[HEAD ] http://allrecipes.com/Recipe/Baked-Ham-and-Cheese-Party-Sandwiches/
[GET  ] http://allrecipes.com/Recipe/Baked-Ham-and-Cheese-Party-Sandwiches/
[LINKS] http://allrecipes.com/Recipe/Baked-Ham-and-Cheese-Party-Sandwiches/
[HEAD ] http://allrecipes.com/Recipe/Pecan-and-Apricot-Sourdough-Bread-Stuffing/
[GET  ] http://allrecipes.com/Recipe/Pecan-and-Apricot-Sourdough-Bread-Stuffing/
[LINKS] http://allrecipes.com/Recipe/Pecan-and-Apricot-Sourdough-Bread-Stuffing/
[HEAD ] http://allrecipes.com/Recipe/Cheese-Garlic-Croutons/
[GET  ] http://allrecipes.com/Recipe/Cheese-Garlic-Croutons/
[LINKS] http://allrecipes.com/Recipe/Cheese-Garlic-Croutons/
[HEAD ] http://allrecipes.com/Recipe/Garlic-Parmesan-Croutons/
[GET  ] http://allrecipes.com/Recipe/Garlic-Parmesan-Croutons/
[LINKS] http://allrecipes.com/Recipe/Garlic-Parmesan-Croutons/
[HEAD ] http://allrecipes.com/Recipe/Chefkaties-Whole-Wheat-Croutons/
[GET  ] http://allrecipes.com/Recipe/Chefkaties-Whole-Wheat-Croutons/
[LINKS] http://allrecipes.com/Recipe/Chefkaties-Whole-Wheat-Croutons/
[HEAD ] http://allrecipes.com/Recipe/Spicy-Croutons/
[GET  ] http://allrecipes.com/Recipe/Spicy-Croutons/
[LINKS] http://allrecipes.com/Recipe/Spicy-Croutons/
[HEAD ] http://allrecipes.com/Recipe/Jennys-Seasoned-Croutons/
[GET  ] http://allrecipes.com/Recipe/Jennys-Seasoned-Croutons/
[LINKS] http://allrecipes.com/Recipe/Jennys-Seasoned-Croutons/
[HEAD ] http://allrecipes.com/Recipe/Best-Croutons-Ever/
[GET  ] http://allrecipes.com/Recipe/Best-Croutons-Ever/
[LINKS] http://allrecipes.com/Recipe/Best-Croutons-Ever/
[HEAD ] http://allrecipes.com/Recipe/Olive-Croutons/
[GET  ] http://allrecipes.com/Recipe/Olive-Croutons/
[LINKS] http://allrecipes.com/Recipe/Olive-Croutons/
[HEAD ] http://allrecipes.com/Recipe/Very-Yummy-Croutons/
[GET  ] http://allrecipes.com/Recipe/Very-Yummy-Croutons/
[LINKS] http://allrecipes.com/Recipe/Very-Yummy-Croutons/
[HEAD ] http://allrecipes.com/Recipe/Yummy-No-Bake-Cinnamon-Rolls-for-Kids/
[GET  ] http://allrecipes.com/Recipe/Yummy-No-Bake-Cinnamon-Rolls-for-Kids/
[LINKS] http://allrecipes.com/Recipe/Yummy-No-Bake-Cinnamon-Rolls-for-Kids/
[HEAD ] http://allrecipes.com/Recipe/Best-King-Ranch-Ever/
[GET  ] http://allrecipes.com/Recipe/Best-King-Ranch-Ever/
[LINKS] http://allrecipes.com/Recipe/Best-King-Ranch-Ever/
[HEAD ] http://allrecipes.com/Recipe/Quick-Cheddar-Garlic-Biscuits/
[GET  ] http://allrecipes.com/Recipe/Quick-Cheddar-Garlic-Biscuits/
[LINKS] http://allrecipes.com/Recipe/Quick-Cheddar-Garlic-Biscuits/
[HEAD ] http://allrecipes.com/Recipe/Easy-Cheese-and-Garlic-Scones/
[GET  ] http://allrecipes.com/Recipe/Easy-Cheese-and-Garlic-Scones/
[LINKS] http://allrecipes.com/Recipe/Easy-Cheese-and-Garlic-Scones/
[HEAD ] http://allrecipes.com/Recipe/Easy-Roman-Cheese-Bread/
[GET  ] http://allrecipes.com/Recipe/Easy-Roman-Cheese-Bread/
[LINKS] http://allrecipes.com/Recipe/Easy-Roman-Cheese-Bread/
[HEAD ] http://allrecipes.com/Recipe/Mini-Parmesan-Scones/
[GET  ] http://allrecipes.com/Recipe/Mini-Parmesan-Scones/
[LINKS] http://allrecipes.com/Recipe/Mini-Parmesan-Scones/
[HEAD ] http://allrecipes.com/Recipe/Easy-Biscuits/
[GET  ] http://allrecipes.com/Recipe/Easy-Biscuits/
[LINKS] http://allrecipes.com/Recipe/Easy-Biscuits/
[HEAD ] http://allrecipes.com/Recipe/Parmesan-Dill-Rolls/
[GET  ] http://allrecipes.com/Recipe/Parmesan-Dill-Rolls/
[LINKS] http://allrecipes.com/Recipe/Parmesan-Dill-Rolls/
[HEAD ] http://allrecipes.com/Recipe/Spicy-Scones/
[GET  ] http://allrecipes.com/Recipe/Spicy-Scones/
[LINKS] http://allrecipes.com/Recipe/Spicy-Scones/
[HEAD ] http://allrecipes.com/Recipe/Ice-Cream-Scones/
[GET  ] http://allrecipes.com/Recipe/Ice-Cream-Scones/
[LINKS] http://allrecipes.com/Recipe/Ice-Cream-Scones/
[HEAD ] http://allrecipes.com/Recipe/Queensland-Pumpkin-Scones/
[GET  ] http://allrecipes.com/Recipe/Queensland-Pumpkin-Scones/
[LINKS] http://allrecipes.com/Recipe/Queensland-Pumpkin-Scones/
[HEAD ] http://allrecipes.com/Recipe/Fat-Free-Mini-Prune-Honey-Muffins/
[GET  ] http://allrecipes.com/Recipe/Fat-Free-Mini-Prune-Honey-Muffins/
[LINKS] http://allrecipes.com/Recipe/Fat-Free-Mini-Prune-Honey-Muffins/
[HEAD ] http://allrecipes.com/Recipe/Cheese-Biscuits-II/
[GET  ] http://allrecipes.com/Recipe/Cheese-Biscuits-II/
[LINKS] http://allrecipes.com/Recipe/Cheese-Biscuits-II/
[HEAD ] http://allrecipes.com/Recipe/Cheddar-Bay-Biscuits/
[GET  ] http://allrecipes.com/Recipe/Cheddar-Bay-Biscuits/
[LINKS] http://allrecipes.com/Recipe/Cheddar-Bay-Biscuits/
[HEAD ] http://allrecipes.com/Recipe/Chili-Cheese-Dip-III/
[GET  ] http://allrecipes.com/Recipe/Chili-Cheese-Dip-III/
[LINKS] http://allrecipes